Microsoft HTML Help Compiler 4.74.8702

Compiling d:\ProgramFiles\Workspaces\MyEclipse 10\qiyangs\WebRoot\Database\Interface.chm

宝宝去哪_五广告.txt
宝宝去哪里啦_获取经纬度及其下载url.txt
代码表.txt
地图学校是否显示及其显示颜色接口.txt
点击率人气_班（课程）.txt
点击率人气_学校.txt
点击率人气_学校相册.txt
家长上传经纬度接口.txt
首次登陆.txt
首次登陆安卓端接口.txt
退款接口.txt
我的_报班统计接口.txt
我的_报班下单或优惠详情接口.txt
我的_个人推送分页.txt
我的_获取用户总校信息接口.txt
我的_家长修改信息接口.txt
我的_校长修改信息接口.txt
我的_修改页面获得信息接口.txt
我的_修改总校信息接口.txt
我的_学生修改信息接口.txt
我的_优惠分页列表接口.txt
选课报班添加城市条件.txt
学校相册_批量上传接口.txt
优惠专区查询接口.txt
优惠专区详情接口.txt
找回密码接口.txt
找学校.txt
支付接口.txt
支付接口1.txt
注册页面_孩子注册接口.txt
注册页面_获取城市跟年级接口.txt
注册页面_家长注册接口.txt
注册页面_学校注册申请.txt
TOC-Created-By-Easy-CHM.HHC
Index-Created-By-Easy-CHM.HHK

Compile time: 0 minutes, 0 seconds
35	Topics
0	Local links
0	Internet links
0	Graphics


Created d:\ProgramFiles\Workspaces\MyEclipse 10\qiyangs\WebRoot\Database\Interface.chm, 21,963 bytes
Compression decreased file by 34,093 bytes.
